This is pdfTeX, Version 3.1415926-2.3-1.40.12 (MiKTeX 2.9) (preloaded format=pdflatex 2018.7.22)  22 JUL 2018 21:45
entering extended mode
**C:/Users/superlj666/OneDrive/academy/covering/Sketching/supplementaries/1710.
04872/Nystrom_subsampling.tex

(C:/Users/superlj666/OneDrive/academy/covering/Sketching/supplementaries/1710.0
4872/Nystrom_subsampling.tex
LaTeX2e <2011/06/27>
Babel <v3.8m> and hyphenation patterns for loaded.
("D:\Program Files (x86)\CTEX\MiKTeX\tex\latex\base\article.cls"
Document Class: article 2007/10/19 v1.4h Standard LaTeX document class
("D:\Program Files (x86)\CTEX\MiKTeX\tex\latex\base\size10.clo"
File: size10.clo 2007/10/19 v1.4h Standard LaTeX file (size option)
)
\c@part=\count79
\c@section=\count80
\c@subsection=\count81
\c@subsubsection=\count82
\c@paragraph=\count83
\c@subparagraph=\count84
\c@figure=\count85
\c@table=\count86
\abovecaptionskip=\skip41
\belowcaptionskip=\skip42
\bibindent=\dimen102
)
("D:\Program Files (x86)\CTEX\MiKTeX\tex\latex\ams\math\amsmath.sty"
Package: amsmath 2000/07/18 v2.13 AMS math features
\@mathmargin=\skip43

For additional information on amsmath, use the `?' option.
("D:\Program Files (x86)\CTEX\MiKTeX\tex\latex\ams\math\amstext.sty"
Package: amstext 2000/06/29 v2.01

("D:\Program Files (x86)\CTEX\MiKTeX\tex\latex\ams\math\amsgen.sty"
File: amsgen.sty 1999/11/30 v2.0
\@emptytoks=\toks14
\ex@=\dimen103
))
("D:\Program Files (x86)\CTEX\MiKTeX\tex\latex\ams\math\amsbsy.sty"
Package: amsbsy 1999/11/29 v1.2d
\pmbraise@=\dimen104
)
("D:\Program Files (x86)\CTEX\MiKTeX\tex\latex\ams\math\amsopn.sty"
Package: amsopn 1999/12/14 v2.01 operator names
)
\inf@bad=\count87
LaTeX Info: Redefining \frac on input line 211.
\uproot@=\count88
\leftroot@=\count89
LaTeX Info: Redefining \overline on input line 307.
\classnum@=\count90
\DOTSCASE@=\count91
LaTeX Info: Redefining \ldots on input line 379.
LaTeX Info: Redefining \dots on input line 382.
LaTeX Info: Redefining \cdots on input line 467.
\Mathstrutbox@=\box26
\strutbox@=\box27
\big@size=\dimen105
LaTeX Font Info:    Redeclaring font encoding OML on input line 567.
LaTeX Font Info:    Redeclaring font encoding OMS on input line 568.
\macc@depth=\count92
\c@MaxMatrixCols=\count93
\dotsspace@=\muskip10
\c@parentequation=\count94
\dspbrk@lvl=\count95
\tag@help=\toks15
\row@=\count96
\column@=\count97
\maxfields@=\count98
\andhelp@=\toks16
\eqnshift@=\dimen106
\alignsep@=\dimen107
\tagshift@=\dimen108
\tagwidth@=\dimen109
\totwidth@=\dimen110
\lineht@=\dimen111
\@envbody=\toks17
\multlinegap=\skip44
\multlinetaggap=\skip45
\mathdisplay@stack=\toks18
LaTeX Info: Redefining \[ on input line 2666.
LaTeX Info: Redefining \] on input line 2667.
)
("D:\Program Files (x86)\CTEX\MiKTeX\tex\latex\amsfonts\amssymb.sty"
Package: amssymb 2009/06/22 v3.00

("D:\Program Files (x86)\CTEX\MiKTeX\tex\latex\amsfonts\amsfonts.sty"
Package: amsfonts 2009/06/22 v3.00 Basic AMSFonts support
\symAMSa=\mathgroup4
\symAMSb=\mathgroup5
LaTeX Font Info:    Overwriting math alphabet `\mathfrak' in version `bold'
(Font)                  U/euf/m/n --> U/euf/b/n on input line 96.
))
("D:\Program Files (x86)\CTEX\MiKTeX\tex\latex\ams\classes\amsthm.sty"
Package: amsthm 2004/08/06 v2.20
\thm@style=\toks19
\thm@bodyfont=\toks20
\thm@headfont=\toks21
\thm@notefont=\toks22
\thm@headpunct=\toks23
\thm@preskip=\skip46
\thm@postskip=\skip47
\thm@headsep=\skip48
\dth@everypar=\toks24
)
("D:\Program Files (x86)\CTEX\MiKTeX\tex\latex\fundus\calligra.sty"
Package: calligra 1996/07/18 v1.8 LaTeX package calligra
)
("D:\Program Files (x86)\CTEX\MiKTeX\tex\latex\tools\indentfirst.sty"
Package: indentfirst 1995/11/23 v1.03 Indent first paragraph (DPC)
)
("D:\Program Files (x86)\CTEX\MiKTeX\tex\latex\graphics\epsfig.sty"
Package: epsfig 1999/02/16 v1.7a (e)psfig emulation (SPQR)

("D:\Program Files (x86)\CTEX\MiKTeX\tex\latex\graphics\graphicx.sty"
Package: graphicx 1999/02/16 v1.0f Enhanced LaTeX Graphics (DPC,SPQR)

("D:\Program Files (x86)\CTEX\MiKTeX\tex\latex\graphics\keyval.sty"
Package: keyval 1999/03/16 v1.13 key=value parser (DPC)
\KV@toks@=\toks25
)
("D:\Program Files (x86)\CTEX\MiKTeX\tex\latex\graphics\graphics.sty"
Package: graphics 2009/02/05 v1.0o Standard LaTeX Graphics (DPC,SPQR)

("D:\Program Files (x86)\CTEX\MiKTeX\tex\latex\graphics\trig.sty"
Package: trig 1999/03/16 v1.09 sin cos tan (DPC)
)
("D:\Program Files (x86)\CTEX\MiKTeX\tex\latex\00miktex\graphics.cfg"
File: graphics.cfg 2007/01/18 v1.5 graphics configuration of teTeX/TeXLive
)
Package graphics Info: Driver file: pdftex.def on input line 91.

("D:\Program Files (x86)\CTEX\MiKTeX\tex\latex\pdftex-def\pdftex.def"
File: pdftex.def 2011/05/27 v0.06d Graphics/color for pdfTeX

("D:\Program Files (x86)\CTEX\MiKTeX\tex\generic\oberdiek\infwarerr.sty"
Package: infwarerr 2010/04/08 v1.3 Providing info/warning/message (HO)
)
("D:\Program Files (x86)\CTEX\MiKTeX\tex\generic\oberdiek\ltxcmds.sty"
Package: ltxcmds 2011/04/18 v1.20 LaTeX kernel commands for general use (HO)
)
\Gread@gobject=\count99
))
\Gin@req@height=\dimen112
\Gin@req@width=\dimen113
)
\epsfxsize=\dimen114
\epsfysize=\dimen115
)
("D:\Program Files (x86)\CTEX\MiKTeX\tex\latex\tools\enumerate.sty"
Package: enumerate 1999/03/05 v3.00 enumerate extensions (DPC)
\@enLab=\toks26
)
("D:\Program Files (x86)\CTEX\MiKTeX\tex\latex\jknappen\mathrsfs.sty"
Package: mathrsfs 1996/01/01 Math RSFS package v1.0 (jk)
\symrsfs=\mathgroup6
)
("D:\Program Files (x86)\CTEX\MiKTeX\tex\latex\pstricks\pstricks.sty"
Package: pstricks 2011/10/31 v0.52 LaTeX wrapper for `PSTricks' (RN,HV)

("D:\Program Files (x86)\CTEX\MiKTeX\tex\generic\pstricks\base\pstricks.tex"
("D:\Program Files (x86)\CTEX\MiKTeX\tex\generic\xkeyval\pst-xkey.tex"
File: pst-xkey.tex 2005/11/25 v1.6 PSTricks specialization of xkeyval (HA)

("D:\Program Files (x86)\CTEX\MiKTeX\tex\latex\xkeyval\xkeyval.sty"
Package: xkeyval 2008/08/13 v2.6a package option processing (HA)

("D:\Program Files (x86)\CTEX\MiKTeX\tex\generic\xkeyval\xkeyval.tex"
\XKV@toks=\toks27
\XKV@tempa@toks=\toks28
\XKV@depth=\count100
File: xkeyval.tex 2008/08/13 v2.6a key=value parser (HA)
)))
("D:\Program Files (x86)\CTEX\MiKTeX\tex\generic\pstricks\base\pst-fp.tex"
`pst-fp' v0.05, 2010/01/17 (hv)
\pstFP@xs=\count101
\pstFP@xia=\count102
\pstFP@xib=\count103
\pstFP@xfa=\count104
\pstFP@xfb=\count105
\pstFP@rega=\count106
\pstFP@regb=\count107
\pstFP@regs=\count108
\pstFP@times=\count109
)
\psLoopIndex=\count110

`PSTricks' v2.24  <2012/02/09> (tvz)
\pst@dima=\dimen116
\pst@dimb=\dimen117
\pst@dimc=\dimen118
\pst@dimd=\dimen119
\pst@dimg=\dimen120
\pst@dimh=\dimen121
\pst@dimm=\dimen122
\pst@dimn=\dimen123
\pst@dimo=\dimen124
\pst@dimp=\dimen125
\pst@hbox=\box28
\pst@ibox=\box29
\pst@boxg=\box30
\pst@cnta=\count111
\pst@cntb=\count112
\pst@cntc=\count113
\pst@cntd=\count114
\pst@cntg=\count115
\pst@cnth=\count116
\pst@cntm=\count117
\pst@cntn=\count118
\pst@cnto=\count119
\pst@cntp=\count120
\@zero=\count121
\pst@toks=\toks29
("D:\Program Files (x86)\CTEX\MiKTeX\tex\generic\pstricks\base\pstricks.con")
\psunit=\dimen126
\psxunit=\dimen127
\psyunit=\dimen128
\pst@C@@rType=\count122
\pslinewidth=\dimen129
\psk@startLW=\dimen130
\psk@endLW=\dimen131
\pst@customdefs=\toks30
\pslinearc=\dimen132
\pst@symbolStep=\dimen133
\pst@symbolWidth=\dimen134
\everypsbox=\toks31
\psframesep=\dimen135
\pslabelsep=\dimen136
\pst@shift=\dimen137
\theoverlaybox=\box31
)
File: pstricks.tex 2012/02/09 v2.24 `PSTricks' (tvz,hv)

("D:\Program Files (x86)\CTEX\MiKTeX\tex\generic\pstricks\base\pst-fp.tex")
File: pst-fp.tex 2012/02/09 v2.24 `PST-fp' (hv)

("D:\Program Files (x86)\CTEX\MiKTeX\tex\latex\xcolor\xcolor.sty"
Package: xcolor 2007/01/21 v2.11 LaTeX color extensions (UK)

("D:\Program Files (x86)\CTEX\MiKTeX\tex\latex\00miktex\color.cfg"
File: color.cfg 2007/01/18 v1.5 color configuration of teTeX/TeXLive
)
Package xcolor Info: Driver file: pdftex.def on input line 225.
Package xcolor Info: Model `cmy' substituted by `cmy0' on input line 1337.
Package xcolor Info: Model `hsb' substituted by `rgb' on input line 1341.
Package xcolor Info: Model `RGB' extended on input line 1353.
Package xcolor Info: Model `HTML' substituted by `rgb' on input line 1355.
Package xcolor Info: Model `Hsb' substituted by `hsb' on input line 1356.
Package xcolor Info: Model `tHsb' substituted by `hsb' on input line 1357.
Package xcolor Info: Model `HSB' substituted by `hsb' on input line 1358.
Package xcolor Info: Model `Gray' substituted by `gray' on input line 1359.
Package xcolor Info: Model `wave' substituted by `hsb' on input line 1360.
))
("D:\Program Files (x86)\CTEX\MiKTeX\tex\latex\setspace\setspace.sty"
Package: setspace 2011/12/19 v6.7a set line spacing
)
("D:\Program Files (x86)\CTEX\MiKTeX\tex\latex\base\latexsym.sty"
Package: latexsym 1998/08/17 v2.2e Standard LaTeX package (lasy symbols)
\symlasy=\mathgroup7
LaTeX Font Info:    Overwriting symbol font `lasy' in version `bold'
(Font)                  U/lasy/m/n --> U/lasy/b/n on input line 47.
)
("D:\Program Files (x86)\CTEX\MiKTeX\tex\latex\yfonts\yfonts.sty"
Package: yfonts 2003/01/08 v1.3 (WaS)
)
("D:\Program Files (x86)\CTEX\MiKTeX\tex\generic\xypic\xy.sty"
("D:\Program Files (x86)\CTEX\MiKTeX\tex\generic\xypic\xy.tex" Bootstrap'ing:
catcodes, docmode,
("D:\Program Files (x86)\CTEX\MiKTeX\tex\generic\xypic\xyrecat.tex")
("D:\Program Files (x86)\CTEX\MiKTeX\tex\generic\xypic\xyidioms.tex")

 Xy-pic version 3.8.6 <2011/05/27>
 Copyright (c) 1991-2011 by Kristoffer H. Rose <krisrose@tug.org>
 Xy-pic is free software: see the User's Guide for details.

Loading kernel: messages; fonts; allocations: state,
\X@c=\dimen138
\Y@c=\dimen139
\U@c=\dimen140
\D@c=\dimen141
\L@c=\dimen142
\R@c=\dimen143
\Edge@c=\toks32
\X@p=\dimen144
\Y@p=\dimen145
\U@p=\dimen146
\D@p=\dimen147
\L@p=\dimen148
\R@p=\dimen149
\Edge@p=\toks33
\X@origin=\dimen150
\Y@origin=\dimen151
\X@xbase=\dimen152
\Y@xbase=\dimen153
\X@ybase=\dimen154
\Y@ybase=\dimen155
\X@min=\dimen156
\Y@min=\dimen157
\X@max=\dimen158
\Y@max=\dimen159
\lastobjectbox@=\box32
\zerodotbox@=\box33
\almostz@=\dimen160
 direction,
\d@X=\dimen161
\d@Y=\dimen162
\K@=\count123
\KK@=\count124
\Direction=\count125
\K@dXdY=\dimen163
\K@dYdX=\dimen164
\xyread@=\read1
\xywrite@=\write3
\csp@=\count126
\quotPTK@=\dimen165

utility macros; pictures: \xy, positions,
\swaptoks@@=\toks34
\connectobjectbox@@=\box34
 objects,
\styletoks@=\toks35
 decorations;
kernel objects: directionals, circles, text; options; algorithms: directions,
edges, connections;  Xy-pic loaded)
("D:\Program Files (x86)\CTEX\MiKTeX\tex\generic\oberdiek\ifpdf.sty"
Package: ifpdf 2011/01/30 v2.3 Provides the ifpdf switch (HO)
Package ifpdf Info: pdfTeX in PDF mode is detected.
)
Package: xy 2011/05/27 Xy-pic version 3.8.6

("D:\Program Files (x86)\CTEX\MiKTeX\tex\generic\xypic\xyall.tex"
 Xy-pic option: All features v.3.8
("D:\Program Files (x86)\CTEX\MiKTeX\tex\generic\xypic\xycurve.tex"
 Xy-pic option: Curve and Spline extension v.3.12 curve,
\crv@cnt@=\count127
\crvpts@=\toks36
\splinebox@=\box35
\splineval@=\dimen166
\splinedepth@=\dimen167
\splinetol@=\dimen168
\splinelength@=\dimen169
 circles,
\L@=\dimen170
 loaded)
("D:\Program Files (x86)\CTEX\MiKTeX\tex\generic\xypic\xyframe.tex"
 Xy-pic option: Frame and Bracket extension v.3.13 loaded)
("D:\Program Files (x86)\CTEX\MiKTeX\tex\generic\xypic\xycmtip.tex"
 Xy-pic option: Computer Modern tip extension v.3.7
("D:\Program Files (x86)\CTEX\MiKTeX\tex\generic\xypic\xytips.tex"
 Xy-pic option: More Tips extension v.3.9 loaded) loaded)
("D:\Program Files (x86)\CTEX\MiKTeX\tex\generic\xypic\xyline.tex"
 Xy-pic option: Line styles extension v.3.10
\xylinethick@=\dimen171
 loaded)
("D:\Program Files (x86)\CTEX\MiKTeX\tex\generic\xypic\xyrotate.tex"
 Xy-pic option: Rotate and Scale extension v.3.8 loaded)
("D:\Program Files (x86)\CTEX\MiKTeX\tex\generic\xypic\xycolor.tex"
 Xy-pic option: Colour extension v.3.11 loaded)
("D:\Program Files (x86)\CTEX\MiKTeX\tex\generic\xypic\xymatrix.tex"
 Xy-pic option: Matrix feature v.3.14
\Row=\count128
\Col=\count129
\queue@=\toks37
\queue@@=\toks38
\qcount@=\count130
\qcount@@=\count131
\matrixsize@=\count132
 loaded)
("D:\Program Files (x86)\CTEX\MiKTeX\tex\generic\xypic\xyarrow.tex"
 Xy-pic option: Arrow and Path feature v.3.9 path, \ar, loaded)
("D:\Program Files (x86)\CTEX\MiKTeX\tex\generic\xypic\xygraph.tex"
 Xy-pic option: Graph feature v.3.11 loaded) loaded)
("D:\Program Files (x86)\CTEX\MiKTeX\tex\generic\xypic\xypdf.tex"
 Xy-pic option: PDF driver v.1.7 Xy-pic pdf driver: `color' extension support
("D:\Program Files (x86)\CTEX\MiKTeX\tex\generic\xypic\xypdf-co.tex" loaded)
Xy-pic pdf driver: `curve' extension support
("D:\Program Files (x86)\CTEX\MiKTeX\tex\generic\xypic\xypdf-cu.tex" loaded)
Xy-pic pdf driver: `frame' extension support
("D:\Program Files (x86)\CTEX\MiKTeX\tex\generic\xypic\xypdf-fr.tex" loaded)
Xy-pic pdf driver: `line' extension support
("D:\Program Files (x86)\CTEX\MiKTeX\tex\generic\xypic\xypdf-li.tex" loaded)
Xy-pic pdf driver: `rotate' extension support
("D:\Program Files (x86)\CTEX\MiKTeX\tex\generic\xypic\xypdf-ro.tex" loaded)
loaded)) ("D:\Program Files (x86)\CTEX\MiKTeX\tex\latex\tools\array.sty"
Package: array 2008/09/09 v2.4c Tabular extension package (FMi)
\col@sep=\dimen172
\extrarowheight=\dimen173
\NC@list=\toks39
\extratabsurround=\skip49
\backup@length=\skip50
)
("D:\Program Files (x86)\CTEX\MiKTeX\tex\latex\algorithms\algorithm.sty"
Package: algorithm 2009/08/24 v0.1 Document Style `algorithm' - floating enviro
nment

("D:\Program Files (x86)\CTEX\MiKTeX\tex\latex\float\float.sty"
Package: float 2001/11/08 v1.3d Float enhancements (AL)
\c@float@type=\count133
\float@exts=\toks40
\float@box=\box36
\@float@everytoks=\toks41
\@floatcapt=\box37
)
("D:\Program Files (x86)\CTEX\MiKTeX\tex\latex\base\ifthen.sty"
Package: ifthen 2001/05/26 v1.1c Standard LaTeX ifthen package (DPC)
)
\@float@every@algorithm=\toks42
\c@algorithm=\count134
)
("D:\Program Files (x86)\CTEX\MiKTeX\tex\latex\algorithmicx\algpseudocode.sty"
Package: algpseudocode 

("D:\Program Files (x86)\CTEX\MiKTeX\tex\latex\algorithmicx\algorithmicx.sty"
Package: algorithmicx 2005/04/27 v1.2 Algorithmicx

Document Style algorithmicx 1.2 - a greatly improved `algorithmic' style
\c@ALG@line=\count135
\c@ALG@rem=\count136
\c@ALG@nested=\count137
\ALG@tlm=\skip51
\ALG@thistlm=\skip52
\c@ALG@Lnr=\count138
\c@ALG@blocknr=\count139
\c@ALG@storecount=\count140
\c@ALG@tmpcounter=\count141
\ALG@tmplength=\skip53
)
Document Style - pseudocode environments for use with the `algorithmicx' style
) ("D:\Program Files (x86)\CTEX\MiKTeX\tex\latex\rotating\rotating.sty"
Package: rotating 2009/03/28 v2.16a rotated objects in LaTeX
\c@r@tfl@t=\count142
\rotFPtop=\skip54
\rotFPbot=\skip55
\rot@float@box=\box38
\rot@mess@toks=\toks43
)
LaTeX Font Info:    Font shape `T1/calligra/m/n' will be
(Font)              scaled to size 14.40002pt on input line 22.
\c@theorem=\count143
\c@lemma=\count144
\c@corollary=\count145
\c@definition=\count146
\c@proposition=\count147
\c@assumption=\count148
\c@remark=\count149

(C:\Users\superlj666\OneDrive\academy\covering\Sketching\supplementaries\1710.0
4872\Nystrom_subsampling.aux)
LaTeX Font Info:    Checking defaults for OML/cmm/m/it on input line 60.
LaTeX Font Info:    ... okay on input line 60.
LaTeX Font Info:    Checking defaults for T1/cmr/m/n on input line 60.
LaTeX Font Info:    ... okay on input line 60.
LaTeX Font Info:    Checking defaults for OT1/cmr/m/n on input line 60.
LaTeX Font Info:    ... okay on input line 60.
LaTeX Font Info:    Checking defaults for OMS/cmsy/m/n on input line 60.
LaTeX Font Info:    ... okay on input line 60.
LaTeX Font Info:    Checking defaults for OMX/cmex/m/n on input line 60.
LaTeX Font Info:    ... okay on input line 60.
LaTeX Font Info:    Checking defaults for U/cmr/m/n on input line 60.
LaTeX Font Info:    ... okay on input line 60.
LaTeX Font Info:    Checking defaults for LY/yfrak/m/n on input line 60.
LaTeX Font Info:    ... okay on input line 60.
LaTeX Font Info:    Checking defaults for LYG/ygoth/m/n on input line 60.
LaTeX Font Info:    ... okay on input line 60.

("D:\Program Files (x86)\CTEX\MiKTeX\tex\context\base\supp-pdf.mkii"
[Loading MPS to PDF converter (version 2006.09.02).]
\scratchcounter=\count150
\scratchdimen=\dimen174
\scratchbox=\box39
\nofMPsegments=\count151
\nofMParguments=\count152
\everyMPshowfont=\toks44
\MPscratchCnt=\count153
\MPscratchDim=\dimen175
\MPnumerator=\count154
\makeMPintoPDFobject=\count155
\everyMPtoPDFconversion=\toks45
)
LaTeX Font Info:    Try loading font information for U+msa on input line 60.
 ("D:\Program Files (x86)\CTEX\MiKTeX\tex\latex\amsfonts\umsa.fd"
File: umsa.fd 2009/06/22 v3.00 AMS symbols A
)
LaTeX Font Info:    Try loading font information for U+msb on input line 60.

("D:\Program Files (x86)\CTEX\MiKTeX\tex\latex\amsfonts\umsb.fd"
File: umsb.fd 2009/06/22 v3.00 AMS symbols B
)
LaTeX Font Info:    Try loading font information for U+rsfs on input line 60.

("D:\Program Files (x86)\CTEX\MiKTeX\tex\latex\jknappen\ursfs.fd"
File: ursfs.fd 1998/03/24 rsfs font definition file (jk)
)
LaTeX Font Info:    Try loading font information for U+lasy on input line 60.

("D:\Program Files (x86)\CTEX\MiKTeX\tex\latex\base\ulasy.fd"
File: ulasy.fd 1998/08/17 v2.2e LaTeX symbol font definitions
)
Package xypdf Info: Line width: 0.39998pt on input line 60.


LaTeX Warning: Citation `Argyriou' on page 1 undefined on input line 73.


LaTeX Warning: Citation `Ciliberto1' on page 1 undefined on input line 73.


LaTeX Warning: Citation `Ciliberto' on page 1 undefined on input line 73.


LaTeX Warning: Citation `Evgeniou1' on page 1 undefined on input line 73.


LaTeX Warning: Citation `Ando' on page 1 undefined on input line 73.


LaTeX Warning: Citation `Bakker' on page 1 undefined on input line 73.


LaTeX Warning: Citation `Evgeniou1' on page 1 undefined on input line 73.


LaTeX Warning: Citation `Evgeniou07' on page 1 undefined on input line 73.


LaTeX Warning: Citation `Jebara' on page 1 undefined on input line 73.


LaTeX Warning: Citation `Torralba' on page 1 undefined on input line 73.


LaTeX Warning: Citation `Yu' on page 1 undefined on input line 73.


LaTeX Warning: Citation `Zhang05' on page 1 undefined on input line 73.


LaTeX Warning: Citation `Ando' on page 1 undefined on input line 73.


LaTeX Warning: Citation `Baxter' on page 1 undefined on input line 73.


LaTeX Warning: Citation `Ben' on page 1 undefined on input line 73.


LaTeX Warning: Citation `Minh' on page 1 undefined on input line 73.


LaTeX Warning: Citation `Greene' on page 1 undefined on input line 73.


LaTeX Warning: Citation `Allenby' on page 1 undefined on input line 73.


LaTeX Warning: Citation `Arora' on page 1 undefined on input line 73.

Missing character: There is no – in font cmr10!

LaTeX Warning: Citation `Belkin' on page 1 undefined on input line 75.


LaTeX Warning: Citation `Minh11' on page 1 undefined on input line 75.


LaTeX Warning: Citation `Minh' on page 1 undefined on input line 75.


LaTeX Warning: Citation `Brefeld' on page 1 undefined on input line 75.


LaTeX Warning: Citation `Luo13' on page 1 undefined on input line 75.


LaTeX Warning: Citation `Luo' on page 1 undefined on input line 75.


LaTeX Warning: Citation `Minh' on page 1 undefined on input line 75.


LaTeX Warning: Citation `Rosenberg' on page 1 undefined on input line 75.


LaTeX Warning: Citation `Sindhwani' on page 1 undefined on input line 75.


LaTeX Warning: Citation `Sun' on page 1 undefined on input line 75.


LaTeX Warning: Citation `Micchelli1' on page 1 undefined on input line 75.


LaTeX Warning: Citation `Micchelli1' on page 1 undefined on input line 75.


LaTeX Warning: Citation `Bach' on page 1 undefined on input line 75.


LaTeX Warning: Citation `Bucak' on page 1 undefined on input line 75.


LaTeX Warning: Citation `Micchelli' on page 1 undefined on input line 75.

[1
Non-PDF special ignored!
Non-PDF special ignored!
Non-PDF special ignored!
Non-PDF special ignored!


Non-PDF special ignored!
Non-PDF special ignored!{D:/Program Files (x86)/CTEX/UserData/pdftex/config/pdf
tex.map{Unicode.sfd}{UGBK.sfd}}]

LaTeX Warning: Citation `Bach13' on page 2 undefined on input line 77.


LaTeX Warning: Citation `Rudi' on page 2 undefined on input line 77.


LaTeX Warning: Citation `Williams' on page 2 undefined on input line 77.


LaTeX Warning: Citation `Smola' on page 2 undefined on input line 77.


LaTeX Warning: Citation `Guo17' on page 2 undefined on input line 77.


LaTeX Warning: Citation `Guo' on page 2 undefined on input line 77.


LaTeX Warning: Citation `Zhang15' on page 2 undefined on input line 77.


LaTeX Warning: Citation `Kriukova16' on page 2 undefined on input line 77.


LaTeX Warning: Citation `Kriukova' on page 2 undefined on input line 77.


LaTeX Warning: Citation `Kriukova16' on page 2 undefined on input line 77.


LaTeX Warning: Citation `Micchelli1' on page 2 undefined on input line 82.

[2]

LaTeX Warning: Citation `Micchelli1' on page 3 undefined on input line 100.

[3]

LaTeX Warning: Citation `Minh' on page 4 undefined on input line 124.


LaTeX Warning: Citation `Kriukova16' on page 4 undefined on input line 131.


LaTeX Warning: Citation `Smola' on page 4 undefined on input line 131.


LaTeX Warning: Citation `Williams' on page 4 undefined on input line 131.

[4]

LaTeX Warning: Citation `Rudi' on page 5 undefined on input line 162.


LaTeX Warning: Citation `CuckerSmale' on page 5 undefined on input line 187.


LaTeX Warning: Citation `Cucker' on page 5 undefined on input line 187.

[5]

LaTeX Warning: Citation `Devroye' on page 6 undefined on input line 191.


LaTeX Warning: Citation `Bauer' on page 6 undefined on input line 191.


LaTeX Warning: Citation `Caponnetto' on page 6 undefined on input line 191.


LaTeX Warning: Citation `Mathe' on page 6 undefined on input line 214.

[6]

LaTeX Warning: Citation `Blanchard1' on page 7 undefined on input line 225.


LaTeX Warning: Citation `Blanchard16' on page 7 undefined on input line 225.


LaTeX Warning: Citation `Lin' on page 7 undefined on input line 225.


LaTeX Warning: Citation `Lu16' on page 7 undefined on input line 225.


LaTeX Warning: Citation `Zhang' on page 7 undefined on input line 225.


LaTeX Warning: Citation `Caponnetto' on page 7 undefined on input line 227.


Underfull \hbox (badness 10000) in paragraph at lines 240--240
[]|\OT1/cmr/m/n/9 Assumption
 []


Underfull \hbox (badness 10000) in paragraph at lines 240--240
[]|\OT1/cmr/m/n/9 general
 []


Underfull \hbox (badness 10000) in paragraph at lines 240--240
\OT1/cmr/m/n/9 source
 []


Underfull \hbox (badness 10000) in paragraph at lines 240--241
[]|\OT1/cmr/m/n/9 Optimal
 []


LaTeX Warning: Citation `Kriukova16' on page 7 undefined on input line 242.


Underfull \hbox (badness 10000) in paragraph at lines 242--242
[]|\OT1/cmr/m/n/9 Kriukova
 []


Underfull \hbox (badness 10000) in paragraph at lines 242--242
[]|\OT1/cmr/m/n/9 Single-penalty
 []


Underfull \hbox (badness 10000) in paragraph at lines 242--242
\OT1/cmr/m/n/9 Tikhonov
 []


LaTeX Warning: Citation `Rudi' on page 7 undefined on input line 244.


Underfull \hbox (badness 10000) in paragraph at lines 244--244
[]|\OT1/cmr/m/n/9 Rudi et
 []


Underfull \hbox (badness 10000) in paragraph at lines 244--244
[]|\OT1/cmr/m/n/9 Single-penalty
 []


Underfull \hbox (badness 10000) in paragraph at lines 244--244
\OT1/cmr/m/n/9 Tikhonov
 []


Underfull \hbox (badness 10000) in paragraph at lines 246--246
[]|\OT1/cmr/m/n/9 Our
 []


Underfull \hbox (badness 10000) in paragraph at lines 246--246
[]|\OT1/cmr/m/n/9 Multi-penalty
 []


LaTeX Warning: Citation `Kriukova16' on page 7 undefined on input line 253.


LaTeX Warning: Citation `Rudi' on page 7 undefined on input line 253.


LaTeX Warning: Citation `Rudi' on page 7 undefined on input line 253.


LaTeX Warning: Citation `Kriukova16' on page 7 undefined on input line 253.

[7]

LaTeX Warning: Citation `Bauer' on page 8 undefined on input line 258.


LaTeX Warning: Citation `Caponnetto' on page 8 undefined on input line 258.


LaTeX Warning: Citation `Pinelis' on page 8 undefined on input line 258.

[8]

LaTeX Warning: Citation `DeVito0' on page 9 undefined on input line 299.


LaTeX Warning: Citation `Rudi' on page 9 undefined on input line 307.


LaTeX Warning: Citation `Kriukova16' on page 9 undefined on input line 307.


LaTeX Warning: Citation `Kriukova16' on page 9 undefined on input line 307.


LaTeX Warning: Citation `Rudi' on page 9 undefined on input line 317.


LaTeX Warning: Citation `Mathe2003' on page 9 undefined on input line 319.

[9] [10] [11] [12] [13]

LaTeX Warning: Citation `Rastogi' on page 14 undefined on input line 484.


LaTeX Warning: Citation `Rastogi' on page 14 undefined on input line 484.


LaTeX Warning: Citation `Anderssen' on page 14 undefined on input line 493.


LaTeX Warning: Citation `Bauer2' on page 14 undefined on input line 493.


LaTeX Warning: Citation `JChen' on page 14 undefined on input line 493.


LaTeX Warning: Citation `Goldenshluger' on page 14 undefined on input line 493.



LaTeX Warning: Citation `Mathe0' on page 14 undefined on input line 493.


LaTeX Warning: Citation `Kriukova' on page 14 undefined on input line 493.


LaTeX Warning: Citation `Kriukova16' on page 14 undefined on input line 493.


LaTeX Warning: Citation `Pereverzyev' on page 14 undefined on input line 493.


LaTeX Warning: Citation `Rastogi17' on page 14 undefined on input line 493.

[14]

LaTeX Warning: Citation `Kriukova' on page 15 undefined on input line 551.

[15]

LaTeX Warning: Citation `Minh' on page 16 undefined on input line 556.


LaTeX Warning: Citation `Minh' on page 16 undefined on input line 574.

[16]
Underfull \hbox (badness 10000) in paragraph at lines 609--610
[]\OT1/cmr/m/n/10 Compute $[] = [][] [][] [] []$ and $[] =$
 []


LaTeX Warning: `!h' float specifier changed to `!ht'.


LaTeX Warning: `!h' float specifier changed to `!ht'.


LaTeX Warning: `!h' float specifier changed to `!ht'.


LaTeX Warning: `!h' float specifier changed to `!ht'.


LaTeX Warning: Citation `Fei' on page 17 undefined on input line 694.


LaTeX Warning: Citation `Vedaldi' on page 17 undefined on input line 694.


LaTeX Warning: Citation `Vedaldi' on page 17 undefined on input line 694.

[17]

LaTeX Warning: Citation `Minh' on page 18 undefined on input line 702.

[18]

LaTeX Warning: Citation `NSL-KDD' on page 19 undefined on input line 709.

[19]

LaTeX Warning: Citation `NSL-KDD' on page 20 undefined on input line 713.


LaTeX Warning: Citation `Alom' on page 20 undefined on input line 713.


LaTeX Warning: Citation `DeVito' on page 20 undefined on input line 717.


LaTeX Warning: Citation `Abhishake' on page 20 undefined on input line 717.

[20]
Underfull \hbox (badness 10000) in paragraph at lines 734--734
[]|\OT1/cmr/m/n/10 Fold1
 []


Underfull \hbox (badness 10000) in paragraph at lines 734--734
[]|\OT1/cmr/m/n/10 Fold2
 []


Underfull \hbox (badness 10000) in paragraph at lines 734--734
[]|\OT1/cmr/m/n/10 Fold3
 []


Underfull \hbox (badness 10000) in paragraph at lines 734--734
[]|\OT1/cmr/m/n/10 Fold4
 []


Underfull \hbox (badness 10000) in paragraph at lines 734--734
[]|\OT1/cmr/m/n/10 Fold5
 []


Underfull \hbox (badness 10000) in paragraph at lines 734--734
[]|\OT1/cmr/m/n/10 Fold6
 []


Underfull \hbox (badness 10000) in paragraph at lines 734--734
[]|\OT1/cmr/m/n/10 Fold7
 []


Underfull \hbox (badness 10000) in paragraph at lines 734--734
[]|\OT1/cmr/m/n/10 Fold8
 []


Underfull \hbox (badness 10000) in paragraph at lines 734--735
[]|\OT1/cmr/m/n/10 Fold9
 []


Overfull \hbox (5.45006pt too wide) in paragraph at lines 736--736
[]|$\OML/cmm/m/it/10 f[]$| 
 []


Overfull \hbox (1.54723pt too wide) in paragraph at lines 738--738
[]|$\OML/cmm/m/it/10 f[]$| 
 []


Overfull \hbox (1.54723pt too wide) in paragraph at lines 740--740
[]|$\OML/cmm/m/it/10 f[]$| 
 []


Underfull \hbox (badness 10000) in paragraph at lines 740--740
[]|[]\OT1/cmr/m/n/10 92.52
 []


Underfull \hbox (badness 10000) in paragraph at lines 740--740
[]|[]\OT1/cmr/m/n/10 92.48
 []


Underfull \hbox (badness 10000) in paragraph at lines 740--740
[]|[]\OT1/cmr/m/n/10 92.57
 []


Underfull \hbox (badness 10000) in paragraph at lines 740--740
[]|[]\OT1/cmr/m/n/10 92.64
 []


Underfull \hbox (badness 10000) in paragraph at lines 740--740
[]|[]\OT1/cmr/m/n/10 92.47
 []


Underfull \hbox (badness 10000) in paragraph at lines 740--740
[]|[]\OT1/cmr/m/n/10 92.47
 []


Underfull \hbox (badness 10000) in paragraph at lines 740--740
[]|[]\OT1/cmr/m/n/10 92.65
 []


Underfull \hbox (badness 10000) in paragraph at lines 740--740
[]|[]\OT1/cmr/m/n/10 92.06
 []


Underfull \hbox (badness 10000) in paragraph at lines 740--741
[]|[]\OT1/cmr/m/n/10 92.76
 []


Overfull \hbox (1.54723pt too wide) in paragraph at lines 742--742
[]|$\OML/cmm/m/it/10 f[]$| 
 []


Underfull \hbox (badness 10000) in paragraph at lines 742--742
[]|[]\OT1/cmr/m/n/10 95.79
 []


Underfull \hbox (badness 10000) in paragraph at lines 742--742
[]|[]\OT1/cmr/m/n/10 96.45
 []


Underfull \hbox (badness 10000) in paragraph at lines 742--742
[]|[]\OT1/cmr/m/n/10 96.19
 []


Underfull \hbox (badness 10000) in paragraph at lines 742--742
[]|[]\OT1/cmr/m/n/10 96.48
 []


Underfull \hbox (badness 10000) in paragraph at lines 742--742
[]|[]\OT1/cmr/m/n/10 95.88
 []


Underfull \hbox (badness 10000) in paragraph at lines 742--742
[]|[]\OT1/cmr/m/n/10 95.92
 []


Underfull \hbox (badness 10000) in paragraph at lines 742--742
[]|[]\OT1/cmr/m/n/10 96.17
 []


Underfull \hbox (badness 10000) in paragraph at lines 742--742
[]|[]\OT1/cmr/m/n/10 96.15
 []


Underfull \hbox (badness 10000) in paragraph at lines 742--743
[]|[]\OT1/cmr/m/n/10 95.84
 []


Overfull \hbox (3.43063pt too wide) in paragraph at lines 744--744
[]|$\OML/cmm/m/it/10 f[]$| 
 []


Underfull \hbox (badness 10000) in paragraph at lines 744--744
[]|[]\OT1/cmr/m/n/10 98.33
 []


Underfull \hbox (badness 10000) in paragraph at lines 744--744
[]|[]\OT1/cmr/m/n/10 98.31
 []


Underfull \hbox (badness 10000) in paragraph at lines 744--744
[]|[]\OT1/cmr/m/n/10 98.03
 []


Underfull \hbox (badness 10000) in paragraph at lines 744--744
[]|[]\OT1/cmr/m/n/10 98.36
 []


Underfull \hbox (badness 10000) in paragraph at lines 744--744
[]|[]\OT1/cmr/m/n/10 98.41
 []


Underfull \hbox (badness 10000) in paragraph at lines 744--744
[]|[]\OT1/cmr/m/n/10 98.18
 []


Underfull \hbox (badness 10000) in paragraph at lines 744--744
[]|[]\OT1/cmr/m/n/10 98.58
 []


Underfull \hbox (badness 10000) in paragraph at lines 744--744
[]|[]\OT1/cmr/m/n/10 98.06
 []


Underfull \hbox (badness 10000) in paragraph at lines 744--745
[]|[]\OT1/cmr/m/n/10 98.56
 []


Underfull \hbox (badness 10000) in paragraph at lines 746--746
[]|[]\OT1/cmr/m/n/10 98.33
 []


Underfull \hbox (badness 10000) in paragraph at lines 746--746
[]|[]\OT1/cmr/m/n/10 98.32
 []


Underfull \hbox (badness 10000) in paragraph at lines 746--746
[]|[]\OT1/cmr/m/n/10 98.03
 []


Underfull \hbox (badness 10000) in paragraph at lines 746--746
[]|[]\OT1/cmr/m/n/10 98.37
 []


Underfull \hbox (badness 10000) in paragraph at lines 746--746
[]|[]\OT1/cmr/m/n/10 98.42
 []


Underfull \hbox (badness 10000) in paragraph at lines 746--746
[]|[]\OT1/cmr/m/n/10 98.19
 []


Underfull \hbox (badness 10000) in paragraph at lines 746--746
[]|[]\OT1/cmr/m/n/10 98.60
 []


Underfull \hbox (badness 10000) in paragraph at lines 746--746
[]|[]\OT1/cmr/m/n/10 98.06
 []


Underfull \hbox (badness 10000) in paragraph at lines 746--747
[]|[]\OT1/cmr/m/n/10 98.57
 []


Underfull \hbox (badness 10000) in paragraph at lines 758--758
[]|\OT1/cmr/m/n/10 Accuracy
 []


Overfull \hbox (5.45006pt too wide) in paragraph at lines 760--760
[]|$\OML/cmm/m/it/10 f[]$| 
 []


Underfull \hbox (badness 10000) in paragraph at lines 760--760
[]|[]\OT1/cmr/m/n/10 94.32
 []


Underfull \hbox (badness 10000) in paragraph at lines 760--760
[]|[]\OT1/cmr/m/n/10 0.93314
 []


Underfull \hbox (badness 10000) in paragraph at lines 760--760
[]|[]\OT1/cmr/m/n/10 0.98539
 []


Underfull \hbox (badness 10000) in paragraph at lines 760--760
[]|[]\OT1/cmr/m/n/10 0.90603
 []


Underfull \hbox (badness 10000) in paragraph at lines 760--760
[]|[]\OT1/cmr/m/n/10 0.95220
 []


Overfull \hbox (1.54723pt too wide) in paragraph at lines 762--762
[]|$\OML/cmm/m/it/10 f[]$| 
 []


Underfull \hbox (badness 10000) in paragraph at lines 762--762
[]|[]\OT1/cmr/m/n/10 98.56
 []


Underfull \hbox (badness 10000) in paragraph at lines 762--762
[]|[]\OT1/cmr/m/n/10 0.98100
 []


Underfull \hbox (badness 10000) in paragraph at lines 762--762
[]|[]\OT1/cmr/m/n/10 0.98852
 []


Underfull \hbox (badness 10000) in paragraph at lines 762--762
[]|[]\OT1/cmr/m/n/10 0.98311
 []


Underfull \hbox (badness 10000) in paragraph at lines 762--762
[]|[]\OT1/cmr/m/n/10 0.98474
 []


Overfull \hbox (1.54723pt too wide) in paragraph at lines 764--764
[]|$\OML/cmm/m/it/10 f[]$| 
 []


Underfull \hbox (badness 10000) in paragraph at lines 764--764
[]|[]\OT1/cmr/m/n/10 92.29
 []


Underfull \hbox (badness 10000) in paragraph at lines 764--764
[]|[]\OT1/cmr/m/n/10 0.93164
 []


Underfull \hbox (badness 10000) in paragraph at lines 764--764
[]|[]\OT1/cmr/m/n/10 0.90179
 []


Underfull \hbox (badness 10000) in paragraph at lines 764--764
[]|[]\OT1/cmr/m/n/10 0.94156
 []


Underfull \hbox (badness 10000) in paragraph at lines 764--764
[]|[]\OT1/cmr/m/n/10 0.91628
 []


Overfull \hbox (1.54723pt too wide) in paragraph at lines 766--766
[]|$\OML/cmm/m/it/10 f[]$| 
 []


Underfull \hbox (badness 10000) in paragraph at lines 766--766
[]|[]\OT1/cmr/m/n/10 96.29
 []


Underfull \hbox (badness 10000) in paragraph at lines 766--766
[]|[]\OT1/cmr/m/n/10 0.97816
 []


Underfull \hbox (badness 10000) in paragraph at lines 766--766
[]|[]\OT1/cmr/m/n/10 0.94193
 []


Underfull \hbox (badness 10000) in paragraph at lines 766--766
[]|[]\OT1/cmr/m/n/10 0.98144
 []


Underfull \hbox (badness 10000) in paragraph at lines 766--766
[]|[]\OT1/cmr/m/n/10 0.95967
 []


Overfull \hbox (3.43063pt too wide) in paragraph at lines 768--768
[]|$\OML/cmm/m/it/10 f[]$| 
 []


Underfull \hbox (badness 10000) in paragraph at lines 768--768
[]|[]\OT1/cmr/m/n/10 98.33
 []


Underfull \hbox (badness 10000) in paragraph at lines 768--768
[]|[]\OT1/cmr/m/n/10 0.98171
 []


Underfull \hbox (badness 10000) in paragraph at lines 768--768
[]|[]\OT1/cmr/m/n/10 0.98273
 []


Underfull \hbox (badness 10000) in paragraph at lines 768--768
[]|[]\OT1/cmr/m/n/10 0.98386
 []


Underfull \hbox (badness 10000) in paragraph at lines 768--768
[]|[]\OT1/cmr/m/n/10 0.98222
 []


Underfull \hbox (badness 10000) in paragraph at lines 770--770
[]|[]\OT1/cmr/m/n/10 98.33
 []


Underfull \hbox (badness 10000) in paragraph at lines 770--770
[]|[]\OT1/cmr/m/n/10 0.98171
 []


Underfull \hbox (badness 10000) in paragraph at lines 770--770
[]|[]\OT1/cmr/m/n/10 0.98273
 []


Underfull \hbox (badness 10000) in paragraph at lines 770--770
[]|[]\OT1/cmr/m/n/10 0.98386
 []


Underfull \hbox (badness 10000) in paragraph at lines 770--770
[]|[]\OT1/cmr/m/n/10 0.98222
 []


LaTeX Warning: Citation `Farid' on page 21 undefined on input line 781.


LaTeX Warning: Citation `Alom' on page 21 undefined on input line 783.


LaTeX Warning: Citation `Onik' on page 21 undefined on input line 785.


LaTeX Warning: Citation `Abhishake' on page 21 undefined on input line 787.


LaTeX Warning: `!h' float specifier changed to `!ht'.

[21]

LaTeX Warning: Citation `Onik' on page 22 undefined on input line 798.


(C:\Users\superlj666\OneDrive\academy\covering\Sketching\supplementaries\1710.0
4872\Nystrom_subsampling.bbl

LaTeX Warning: Empty `thebibliography' environment on input line 3.

) [22]
(C:\Users\superlj666\OneDrive\academy\covering\Sketching\supplementaries\1710.0
4872\Nystrom_subsampling.aux)

LaTeX Warning: There were undefined references.

 ) 
Here is how much of TeX's memory you used:
 7901 strings out of 495354
 102652 string characters out of 3182739
 242507 words of memory out of 3000000
 10878 multiletter control sequences out of 15000+200000
 19433 words of font info for 83 fonts, out of 3000000 for 9000
 14 hyphenation exceptions out of 8191
 34i,14n,38p,3331b,342s stack positions out of 5000i,500n,10000p,200000b,50000s
<D:/Program Files (x86)/CTEX/MiKTeX/fonts/type1/public/amsfonts/cm/cmbx10.pfb
><D:/Program Files (x86)/CTEX/MiKTeX/fonts/type1/public/amsfonts/cm/cmbx12.pfb>
<D:/Program Files (x86)/CTEX/MiKTeX/fonts/type1/public/amsfonts/cm/cmbx5.pfb><D
:/Program Files (x86)/CTEX/MiKTeX/fonts/type1/public/amsfonts/cm/cmbx7.pfb><D:/
Program Files (x86)/CTEX/MiKTeX/fonts/type1/public/amsfonts/cm/cmbx9.pfb><D:/Pr
ogram Files (x86)/CTEX/MiKTeX/fonts/type1/public/amsfonts/cm/cmex10.pfb><D:/Pro
gram Files (x86)/CTEX/MiKTeX/fonts/type1/public/amsfonts/cmextra/cmex7.pfb><D:/
Program Files (x86)/CTEX/MiKTeX/fonts/type1/public/amsfonts/cm/cmmi10.pfb><D:/P
rogram Files (x86)/CTEX/MiKTeX/fonts/type1/public/amsfonts/cm/cmmi5.pfb><D:/Pro
gram Files (x86)/CTEX/MiKTeX/fonts/type1/public/amsfonts/cm/cmmi6.pfb><D:/Progr
am Files (x86)/CTEX/MiKTeX/fonts/type1/public/amsfonts/cm/cmmi7.pfb><D:/Program
 Files (x86)/CTEX/MiKTeX/fonts/type1/public/amsfonts/cm/cmmi9.pfb><D:/Program F
iles (x86)/CTEX/MiKTeX/fonts/type1/public/amsfonts/cm/cmr10.pfb><D:/Program Fil
es (x86)/CTEX/MiKTeX/fonts/type1/public/amsfonts/cm/cmr12.pfb><D:/Program Files
 (x86)/CTEX/MiKTeX/fonts/type1/public/amsfonts/cm/cmr17.pfb><D:/Program Files (
x86)/CTEX/MiKTeX/fonts/type1/public/amsfonts/cm/cmr5.pfb><D:/Program Files (x86
)/CTEX/MiKTeX/fonts/type1/public/amsfonts/cm/cmr6.pfb><D:/Program Files (x86)/C
TEX/MiKTeX/fonts/type1/public/amsfonts/cm/cmr7.pfb><D:/Program Files (x86)/CTEX
/MiKTeX/fonts/type1/public/amsfonts/cm/cmr8.pfb><D:/Program Files (x86)/CTEX/Mi
KTeX/fonts/type1/public/amsfonts/cm/cmr9.pfb><D:/Program Files (x86)/CTEX/MiKTe
X/fonts/type1/public/amsfonts/cm/cmsy10.pfb><D:/Program Files (x86)/CTEX/MiKTeX
/fonts/type1/public/amsfonts/cm/cmsy5.pfb><D:/Program Files (x86)/CTEX/MiKTeX/f
onts/type1/public/amsfonts/cm/cmsy6.pfb><D:/Program Files (x86)/CTEX/MiKTeX/fon
ts/type1/public/amsfonts/cm/cmsy7.pfb><D:/Program Files (x86)/CTEX/MiKTeX/fonts
/type1/public/amsfonts/cm/cmsy8.pfb><D:/Program Files (x86)/CTEX/MiKTeX/fonts/t
ype1/public/amsfonts/cm/cmti10.pfb><D:/Program Files (x86)/CTEX/MiKTeX/fonts/ty
pe1/public/amsfonts/cm/cmti12.pfb><D:/Program Files (x86)/CTEX/MiKTeX/fonts/typ
e1/public/amsfonts/symbols/msbm10.pfb><D:/Program Files (x86)/CTEX/MiKTeX/fonts
/type1/public/amsfonts/symbols/msbm7.pfb><D:/Program Files (x86)/CTEX/MiKTeX/fo
nts/type1/hoekwater/rsfs/rsfs10.pfb><D:/Program Files (x86)/CTEX/MiKTeX/fonts/t
ype1/hoekwater/rsfs/rsfs7.pfb>
Output written on Nystrom_subsampling.pdf (22 pages, 455279 bytes).
PDF statistics:
 197 PDF objects out of 1000 (max. 8388607)
 0 named destinations out of 1000 (max. 500000)
 1 words of extra memory for PDF output out of 10000 (max. 10000000)

